Connecting to database specified by database.yml
Connecting to database specified by database.yml
Connecting to database specified by database.yml
Connecting to database specified by database.yml
Connecting to database specified by database.yml
Connecting to database specified by database.yml
Compiled jquery.js  (2ms)  (pid 3906)
Compiled jquery_ujs.js  (0ms)  (pid 3906)
Compiled twitter/bootstrap/bootstrap-transition.js  (0ms)  (pid 3906)
Compiled twitter/bootstrap/bootstrap-alert.js  (0ms)  (pid 3906)
Compiled twitter/bootstrap/bootstrap-modal.js  (0ms)  (pid 3906)
Compiled twitter/bootstrap/bootstrap-dropdown.js  (0ms)  (pid 3906)
Compiled twitter/bootstrap/bootstrap-scrollspy.js  (0ms)  (pid 3906)
Compiled twitter/bootstrap/bootstrap-tab.js  (0ms)  (pid 3906)
Compiled twitter/bootstrap/bootstrap-tooltip.js  (0ms)  (pid 3906)
Compiled twitter/bootstrap/bootstrap-popover.js  (0ms)  (pid 3906)
Compiled twitter/bootstrap/bootstrap-button.js  (0ms)  (pid 3906)
Compiled twitter/bootstrap/bootstrap-collapse.js  (33ms)  (pid 3906)
Compiled twitter/bootstrap/bootstrap-carousel.js  (0ms)  (pid 3906)
Compiled twitter/bootstrap/bootstrap-typeahead.js  (0ms)  (pid 3906)
Compiled twitter/bootstrap/bootstrap-affix.js  (0ms)  (pid 3906)
Compiled twitter/bootstrap.js  (110ms)  (pid 3906)
Compiled bootstrap.js  (92ms)  (pid 3906)
Compiled comments.js  (1ms)  (pid 3906)
Compiled home.js  (0ms)  (pid 3906)
Compiled posts.js  (0ms)  (pid 3906)
Compiled application.js  (275ms)  (pid 3906)
Compiled bootstrap_and_overrides.css  (834ms)  (pid 3906)
Compiled comments.css  (25ms)  (pid 3906)
Compiled home.css  (1ms)  (pid 3906)
Compiled posts.css  (1ms)  (pid 3906)
Compiled scaffolds.css  (10ms)  (pid 3906)
Compiled application.css  (943ms)  (pid 3906)
Compiled jquery.js  (2ms)  (pid 3906)
Compiled jquery_ujs.js  (0ms)  (pid 3906)
Compiled twitter/bootstrap/bootstrap-transition.js  (0ms)  (pid 3906)
Compiled twitter/bootstrap/bootstrap-alert.js  (0ms)  (pid 3906)
Compiled twitter/bootstrap/bootstrap-modal.js  (0ms)  (pid 3906)
Compiled twitter/bootstrap/bootstrap-dropdown.js  (0ms)  (pid 3906)
Compiled twitter/bootstrap/bootstrap-scrollspy.js  (0ms)  (pid 3906)
Compiled twitter/bootstrap/bootstrap-tab.js  (0ms)  (pid 3906)
Compiled twitter/bootstrap/bootstrap-tooltip.js  (0ms)  (pid 3906)
Compiled twitter/bootstrap/bootstrap-popover.js  (0ms)  (pid 3906)
Compiled twitter/bootstrap/bootstrap-button.js  (0ms)  (pid 3906)
Compiled twitter/bootstrap/bootstrap-collapse.js  (0ms)  (pid 3906)
Compiled twitter/bootstrap/bootstrap-carousel.js  (0ms)  (pid 3906)
Compiled twitter/bootstrap/bootstrap-typeahead.js  (0ms)  (pid 3906)
Compiled twitter/bootstrap/bootstrap-affix.js  (0ms)  (pid 3906)
Compiled twitter/bootstrap.js  (106ms)  (pid 3906)
Compiled bootstrap.js  (74ms)  (pid 3906)
Compiled comments.js  (1ms)  (pid 3906)
Compiled home.js  (0ms)  (pid 3906)
Compiled posts.js  (0ms)  (pid 3906)
Compiled application.js  (250ms)  (pid 3906)
Compiled bootstrap_and_overrides.css  (739ms)  (pid 3906)
Compiled comments.css  (42ms)  (pid 3906)
Compiled home.css  (1ms)  (pid 3906)
Compiled posts.css  (1ms)  (pid 3906)
Compiled scaffolds.css  (9ms)  (pid 3906)
Compiled application.css  (816ms)  (pid 3906)
